Сборка начата 16.12.2022 15:35:27.
Уровень детализации журнала: Normal.     1>Проект "D:\КПО\лабы\Lab17\SE_asm01e\SE_asm01e.vcxproj" в узле 2 (целевые объекты Build).
     1>PrepareForBuild:
         Создание каталога "Debug\SE_asm01e.tlog\".
       InitializeBuildStatus:
         Создание "Debug\SE_asm01e.tlog\unsuccessfulbuild", так как было задано "AlwaysCreate".
       _MASM:
         Assembling SE_asm01e.asm...
         cmd.exe /C "C:\Users\37529\AppData\Local\Temp\tmpbe042ed2ef3041f7b050ba1ac7099707.cmd"
         ml.exe /c /nologo /Zi /Fo"Debug\SE_asm01e.obj" /W3 /errorReport:prompt  /TaSE_asm01e.asm
       Link:
         C:\Program Files (x86)\Microsoft Visual Studio\2019\Professional\VC\Tools\MSVC\14.29.30133\bin\HostX86\x86\link.exe /ERRORREPORT:PROMPT /OUT:"D:\КПО\лабы\Lab17\Debug\SE_asm01e.exe" /INCREMENTAL /ILK:"Debug\SE_asm01e.ilk" /NOLOGO kernel32.lib user32.lib gdi32.lib winspool.lib comdlg32.lib advapi32.lib shell32.lib ole32.lib oleaut32.lib uuid.lib odbc32.lib odbccp32.lib /NODEFAULTLIB:/NODEFAULTLIB:library /MANIFEST /MANIFESTUAC:"level='asInvoker' uiAccess='false'" /manifest:embed /DEBUG /PDB:"D:\КПО\лабы\Lab17\Debug\SE_asm01e.pdb" /SUBSYSTEM:CONSOLE /TLBID:1 /DYNAMICBASE /NXCOMPAT /IMPLIB:"D:\КПО\лабы\Lab17\Debug\SE_asm01e.lib" /MACHINE:X86 ..\Debug\SE_asm01d.lib Debug\SE_asm01e.obj
     1>LINK : fatal error LNK1104: не удается открыть файл "..\Debug\SE_asm01d.lib"
     1>Сборка проекта "D:\КПО\лабы\Lab17\SE_asm01e\SE_asm01e.vcxproj" завершена (целевые объекты Build) с ошибкой.

Ошибка сборки.

       "D:\КПО\лабы\Lab17\SE_asm01e\SE_asm01e.vcxproj" (целевой объект Build ) (1) ->
       (Целевой объект Link) -> 
         LINK : fatal error LNK1104: не удается открыть файл "..\Debug\SE_asm01d.lib"

    Предупреждений: 0
    Ошибок: 1

Прошло времени 00:00:01.10
