Сборка начата 07.01.2023 15:44:42.
Уровень детализации журнала: Normal.     1>Проект "D:\АиСД\Lab_7.LCS\AiSD_Lab_7.LCS\AiSD_Lab_7.LCS.vcxproj" в узле 2 (целевые объекты Build).
     1>InitializeBuildStatus:
         Создание "Debug\AiSD_Lab_7.LCS.tlog\unsuccessfulbuild", так как было задано "AlwaysCreate".
       ClCompile:
         C:\Program Files (x86)\Microsoft Visual Studio\2019\Professional\VC\Tools\MSVC\14.29.30133\bin\HostX86\x86\CL.exe /c /ZI /JMC /nologo /W3 /WX- /diagnostics:column /sdl /Od /Oy- /D WIN32 /D _DEBUG /D _CONSOLE /D _UNICODE /D UNICODE /Gm- /EHsc /RTC1 /MDd /GS /fp:precise /permissive- /Zc:wchar_t /Zc:forScope /Zc:inline /Fo"Debug\\" /Fd"Debug\vc142.pdb" /external:W3 /Gd /TP /analyze- /FC /errorReport:prompt LCS.cpp
         LCS.cpp
     1>D:\АиСД\Lab_7.LCS\AiSD_Lab_7.LCS\LCS.h(120,21): warning C4018: <: несоответствие типов со знаком и без знака
     1>D:\АиСД\Lab_7.LCS\AiSD_Lab_7.LCS\LCS.h(122,26): warning C4018: >: несоответствие типов со знаком и без знака
       Link:
         C:\Program Files (x86)\Microsoft Visual Studio\2019\Professional\VC\Tools\MSVC\14.29.30133\bin\HostX86\x86\link.exe /ERRORREPORT:PROMPT /OUT:"D:\АиСД\Lab_7.LCS\AiSD_Lab_7.LCS\Debug\AiSD_Lab_7.LCS.exe" /INCREMENTAL /ILK:"Debug\AiSD_Lab_7.LCS.ilk" /NOLOGO kernel32.lib user32.lib gdi32.lib winspool.lib comdlg32.lib advapi32.lib shell32.lib ole32.lib oleaut32.lib uuid.lib odbc32.lib odbccp32.lib /MANIFEST /MANIFESTUAC:"level='asInvoker' uiAccess='false'" /manifest:embed /DEBUG /PDB:"D:\АиСД\Lab_7.LCS\AiSD_Lab_7.LCS\Debug\AiSD_Lab_7.LCS.pdb" /SUBSYSTEM:CONSOLE /TLBID:1 /DYNAMICBASE /NXCOMPAT /IMPLIB:"D:\АиСД\Lab_7.LCS\AiSD_Lab_7.LCS\Debug\AiSD_Lab_7.LCS.lib" /MACHINE:X86 Debug\LCS.obj
         AiSD_Lab_7.LCS.vcxproj -> D:\АиСД\Lab_7.LCS\AiSD_Lab_7.LCS\Debug\AiSD_Lab_7.LCS.exe
       FinalizeBuildStatus:
         Файл "Debug\AiSD_Lab_7.LCS.tlog\unsuccessfulbuild" удаляется.
         Обращение к "Debug\AiSD_Lab_7.LCS.tlog\AiSD_Lab_7.LCS.lastbuildstate".
     1>Сборка проекта "D:\АиСД\Lab_7.LCS\AiSD_Lab_7.LCS\AiSD_Lab_7.LCS.vcxproj" завершена (целевые объекты Build).

Сборка успешно завершена.

       "D:\АиСД\Lab_7.LCS\AiSD_Lab_7.LCS\AiSD_Lab_7.LCS.vcxproj" (целевой объект Build ) (1) ->
       (Целевой объект ClCompile) -> 
         D:\АиСД\Lab_7.LCS\AiSD_Lab_7.LCS\LCS.h(120,21): warning C4018: <: несоответствие типов со знаком и без знака
         D:\АиСД\Lab_7.LCS\AiSD_Lab_7.LCS\LCS.h(122,26): warning C4018: >: несоответствие типов со знаком и без знака

    Предупреждений: 2
    Ошибок: 0

Прошло времени 00:00:01.21
