Сборка начата 24.12.2022 11:32:36.
Уровень детализации журнала: Normal.     1>Проект "D:\КПО\лабы\Lab20\Lab20\Lab20.vcxproj" в узле 2 (целевые объекты Build).
     1>PrepareForBuild:
         Создание каталога "D:\КПО\лабы\Lab20\Debug\".
         Создание каталога "Debug\Lab20.tlog\".
       InitializeBuildStatus:
         Создание "Debug\Lab20.tlog\unsuccessfulbuild", так как было задано "AlwaysCreate".
       ClCompile:
         C:\Program Files (x86)\Microsoft Visual Studio\2019\Professional\VC\Tools\MSVC\14.29.30133\bin\HostX86\x86\CL.exe /c /ZI /JMC /nologo /W3 /WX- /diagnostics:column /sdl /Od /Oy- /D WIN32 /D _DEBUG /D _CONSOLE /D _UNICODE /D UNICODE /Gm- /EHsc /RTC1 /MDd /GS /fp:precise /permissive- /Zc:wchar_t /Zc:forScope /Zc:inline /Fo"Debug\\" /Fd"Debug\vc142.pdb" /external:W3 /Gd /TP /analyze- /FC /errorReport:prompt Error.cpp FST.cpp In.cpp IT.cpp Lab20.cpp Log.cpp LT.cpp Out.cpp Parm.cpp LexAnalysis.cpp
         Error.cpp
         FST.cpp
     1>D:\КПО\лабы\Lab20\Lab20\FST.cpp(62,37): warning C4267: инициализация: преобразование из "size_t" в "short"; возможна потеря данных
         In.cpp
         IT.cpp
     1>D:\КПО\лабы\Lab20\Lab20\IT.cpp(79,36): warning C4267: =: преобразование из "size_t" в "unsigned char"; возможна потеря данных
     1>D:\КПО\лабы\Lab20\Lab20\IT.cpp(99,36): warning C4267: =: преобразование из "size_t" в "unsigned char"; возможна потеря данных
         Lab20.cpp
     1>D:\КПО\лабы\Lab20\Lab20\Lab20.cpp(19,12): warning C4102: Log: неиспользованная метка
         Log.cpp
         LT.cpp
         Out.cpp
         Parm.cpp
         LexAnalysis.cpp
     1>D:\КПО\лабы\Lab20\Lab20\LexAnalysis.cpp(80,21): warning C4305: =: усечение из "int" в "char"
     1>D:\КПО\лабы\Lab20\Lab20\LexAnalysis.cpp(80,17): warning C4309: =: усечение константного значения
         Создание кода...
     1>D:\КПО\лабы\Lab20\Lab20\LT.cpp(23): warning C4715: LT::LexTable::GetEntry: значение возвращается не при всех путях выполнения
     1>D:\КПО\лабы\Lab20\Lab20\IT.cpp(160): warning C4715: IT::IdTable::GetEntry: значение возвращается не при всех путях выполнения
     1>D:\КПО\лабы\Lab20\Lab20\IT.cpp(192): warning C4172: возвращение адреса локальной или временной переменной : buffer
       Link:
         C:\Program Files (x86)\Microsoft Visual Studio\2019\Professional\VC\Tools\MSVC\14.29.30133\bin\HostX86\x86\link.exe /ERRORREPORT:PROMPT /OUT:"D:\КПО\лабы\Lab20\Debug\Lab20.exe" /INCREMENTAL /ILK:"Debug\Lab20.ilk" /NOLOGO kernel32.lib user32.lib gdi32.lib winspool.lib comdlg32.lib advapi32.lib shell32.lib ole32.lib oleaut32.lib uuid.lib odbc32.lib odbccp32.lib /MANIFEST /MANIFESTUAC:"level='asInvoker' uiAccess='false'" /manifest:embed /DEBUG /PDB:"D:\КПО\лабы\Lab20\Debug\Lab20.pdb" /SUBSYSTEM:CONSOLE /TLBID:1 /DYNAMICBASE /NXCOMPAT /IMPLIB:"D:\КПО\лабы\Lab20\Debug\Lab20.lib" /MACHINE:X86 Debug\Error.obj
         Debug\FST.obj
         Debug\In.obj
         Debug\IT.obj
         Debug\Lab20.obj
         Debug\Log.obj
         Debug\LT.obj
         Debug\Out.obj
         Debug\Parm.obj
         Debug\LexAnalysis.obj
         Lab20.vcxproj -> D:\КПО\лабы\Lab20\Debug\Lab20.exe
       FinalizeBuildStatus:
         Файл "Debug\Lab20.tlog\unsuccessfulbuild" удаляется.
         Обращение к "Debug\Lab20.tlog\Lab20.lastbuildstate".
     1>Сборка проекта "D:\КПО\лабы\Lab20\Lab20\Lab20.vcxproj" завершена (целевые объекты Build).

Сборка успешно завершена.

       "D:\КПО\лабы\Lab20\Lab20\Lab20.vcxproj" (целевой объект Build ) (1) ->
       (Целевой объект ClCompile) -> 
         D:\КПО\лабы\Lab20\Lab20\FST.cpp(62,37): warning C4267: инициализация: преобразование из "size_t" в "short"; возможна потеря данных
         D:\КПО\лабы\Lab20\Lab20\IT.cpp(79,36): warning C4267: =: преобразование из "size_t" в "unsigned char"; возможна потеря данных
         D:\КПО\лабы\Lab20\Lab20\IT.cpp(99,36): warning C4267: =: преобразование из "size_t" в "unsigned char"; возможна потеря данных
         D:\КПО\лабы\Lab20\Lab20\Lab20.cpp(19,12): warning C4102: Log: неиспользованная метка
         D:\КПО\лабы\Lab20\Lab20\LexAnalysis.cpp(80,21): warning C4305: =: усечение из "int" в "char"
         D:\КПО\лабы\Lab20\Lab20\LexAnalysis.cpp(80,17): warning C4309: =: усечение константного значения
         D:\КПО\лабы\Lab20\Lab20\LT.cpp(23): warning C4715: LT::LexTable::GetEntry: значение возвращается не при всех путях выполнения
         D:\КПО\лабы\Lab20\Lab20\IT.cpp(160): warning C4715: IT::IdTable::GetEntry: значение возвращается не при всех путях выполнения
         D:\КПО\лабы\Lab20\Lab20\IT.cpp(192): warning C4172: возвращение адреса локальной или временной переменной : buffer

    Предупреждений: 9
    Ошибок: 0

Прошло времени 00:00:06.51
