Сборка начата 04.11.2022 14:52:53.
Уровень детализации журнала: Normal.     1>Проект "D:\КПО\лабы\Lab17\SE_asm01b\SE_asm01b.vcxproj" в узле 2 (целевые объекты Build).
     1>PrepareForBuild:
         Создание каталога "Debug\SE_asm01b.tlog\".
       InitializeBuildStatus:
         Создание "Debug\SE_asm01b.tlog\unsuccessfulbuild", так как было задано "AlwaysCreate".
       _MASM:
         Assembling SE_asm01b.asm...
         cmd.exe /C "C:\Users\37529\AppData\Local\Temp\tmp143f9ba644e74be792da92f738dba0ca.cmd"
         ml.exe /c /nologo /Zi /Fo"Debug\SE_asm01b.obj" /W3 /errorReport:prompt  /TaSE_asm01b.asm
       Link:
         C:\Program Files (x86)\Microsoft Visual Studio\2019\Professional\VC\Tools\MSVC\14.29.30133\bin\HostX86\x86\link.exe /ERRORREPORT:PROMPT /OUT:"D:\КПО\лабы\Lab17\Debug\SE_asm01b.exe" /INCREMENTAL /ILK:"Debug\SE_asm01b.ilk" /NOLOGO kernel32.lib user32.lib gdi32.lib winspool.lib comdlg32.lib advapi32.lib shell32.lib ole32.lib oleaut32.lib uuid.lib odbc32.lib odbccp32.lib /MANIFEST /MANIFESTUAC:"level='asInvoker' uiAccess='false'" /manifest:embed /DEBUG /PDB:"D:\КПО\лабы\Lab17\Debug\SE_asm01b.pdb" /SUBSYSTEM:CONSOLE /TLBID:1 /DYNAMICBASE /NXCOMPAT /IMPLIB:"D:\КПО\лабы\Lab17\Debug\SE_asm01b.lib" /MACHINE:X86 ..\Debug\SE_asm01a.lib Debug\SE_asm01b.obj
         SE_asm01b.vcxproj -> D:\КПО\лабы\Lab17\Debug\SE_asm01b.exe
       FinalizeBuildStatus:
         Файл "Debug\SE_asm01b.tlog\unsuccessfulbuild" удаляется.
         Обращение к "Debug\SE_asm01b.tlog\SE_asm01b.lastbuildstate".
     1>Сборка проекта "D:\КПО\лабы\Lab17\SE_asm01b\SE_asm01b.vcxproj" завершена (целевые объекты Build).

Сборка успешно завершена.
    Предупреждений: 0
    Ошибок: 0

Прошло времени 00:00:00.83
