---- Протокол ------- Дата: 23.12.2022 14:21:01
---- Параметры -------
-log: primer.txt.log
-out: primer.txt.asm
-in: primer.txt
---- Исходные данные -----
Количество символов: 55
Проигнорировано:     44
Количество строк:    8
------------------------------ ТАБЛИЦА ЛЕКСЕМ  ------------------------

|  N | ЛЕКСЕМА | СТРОКА | ИНДЕКС В ТИ |
|  0 |    m    |    1   |             |
|  1 |    {    |    1   |             |
|  2 |    n    |    1   |             |
|  3 |    t    |    1   |             |
|  4 |    i    |    1   |       0     |
|  5 |    =    |    1   |             |
|  6 |    l    |    1   |       1     |
|  7 |    ;    |    1   |             |
|  8 |    n    |    2   |             |
|  9 |    t    |    2   |             |
| 10 |    i    |    2   |       2     |
| 11 |    =    |    2   |             |
| 12 |    p    |    2   |       3     |
| 13 |    (    |    2   |             |
| 14 |    i    |    2   |       0     |
| 15 |    )    |    2   |             |
| 16 |    ;    |    2   |             |
| 17 |    }    |    6   |             |
---------------------------- ТАБЛИЦА ИДЕНТИФИКАТОРОВ ------------------------

|  N  |СТРОКА В ТЛ |  ТИП ИДЕНТИФИКАТОРА  |        ИМЯ         | ЗНАЧЕНИЕ (ПАРАМЕТРЫ)
|   0 |       4    |       int   variable |              maina |0
|   1 |       6    |       int    literal |                 L1 |2
|   2 |      10    |       int   variable |              mainb |0
|   3 |      12    |       int   LIB FUNC |             lenght |

-------------------------------------------------------------------------


-----------------  ЛЕКСЕМЫ СООТВЕТСТВУЮЩИЕ ИСХОДНОМУ КОДУ ---------------------

  1 | m{nti[0]=l[1];
  2 | nti[2]=p[3](i[0]);
  6 | }
-------------------------------------------------------------------------

Шаг :Правило             Входная лента                 Стек                
0   :S->m{K}             m{nti=l;nti=p(i);}            S$                  
1   : SAVESTATE:          1
1   :                    m{nti=l;nti=p(i);}            m{K}$               
2   :                    {nti=l;nti=p(i);}             {K}$                
3   :                    nti=l;nti=p(i);}              K}$                 
4   :K->nti=V;K          nti=l;nti=p(i);}              K}$                 
5   : SAVESTATE:          2
5   :                    nti=l;nti=p(i);}              nti=V;K}$           
6   :                    ti=l;nti=p(i);}               ti=V;K}$            
7   :                    i=l;nti=p(i);}                i=V;K}$             
8   :                    =l;nti=p(i);}                 =V;K}$              
9   :                    l;nti=p(i);}                  V;K}$               
10  :V->l                l;nti=p(i);}                  V;K}$               
11  : SAVESTATE:          3
11  :                    l;nti=p(i);}                  l;K}$               
12  :                    ;nti=p(i);}                   ;K}$                
13  :                    nti=p(i);}                    K}$                 
14  :K->nti=V;K          nti=p(i);}                    K}$                 
15  : SAVESTATE:          4
15  :                    nti=p(i);}                    nti=V;K}$           
16  :                    ti=p(i);}                     ti=V;K}$            
17  :                    i=p(i);}                      i=V;K}$             
18  :                    =p(i);}                       =V;K}$              
19  :                    p(i);}                        V;K}$               
20  : TNS_NORULECHAIN/NS_NORULE
20  : RESSTATE            
20  :                    nti=p(i);}                    K}$                 
21  :K->nti=W;K          nti=p(i);}                    K}$                 
22  : SAVESTATE:          4
22  :                    nti=p(i);}                    nti=W;K}$           
23  :                    ti=p(i);}                     ti=W;K}$            
24  :                    i=p(i);}                      i=W;K}$             
25  :                    =p(i);}                       =W;K}$              
26  :                    p(i);}                        W;K}$               
27  :W->pF               p(i);}                        W;K}$               
28  : SAVESTATE:          5
28  :                    p(i);}                        pF;K}$              
29  :                    (i);}                         F;K}$               
30  :F->(N)              (i);}                         F;K}$               
31  : SAVESTATE:          6
31  :                    (i);}                         (N);K}$             
32  :                    i);}                          N);K}$              
33  :N->i                i);}                          N);K}$              
34  : SAVESTATE:          7
34  :                    i);}                          i);K}$              
35  :                    );}                           );K}$               
36  :                    ;}                            ;K}$                
37  :                    }                             K}$                 
38  : TNS_NORULECHAIN/NS_NORULE
38  : RESSTATE            
38  :                    i);}                          N);K}$              
39  :N->i,N              i);}                          N);K}$              
40  : SAVESTATE:          7
40  :                    i);}                          i,N);K}$            
41  :                    );}                           ,N);K}$             
42  : TS_NOK/NS_NORULECHAIN
42  : RESSTATE            
42  :                    i);}                          N);K}$              
43  : TNS_NORULECHAIN/NS_NORULE
43  : RESSTATE            
43  :                    (i);}                         F;K}$               
44  :F->()               (i);}                         F;K}$               
45  : SAVESTATE:          6
45  :                    (i);}                         ();K}$              
46  :                    i);}                          );K}$               
47  : TS_NOK/NS_NORULECHAIN
47  : RESSTATE            
47  :                    (i);}                         F;K}$               
48  : TNS_NORULECHAIN/NS_NORULE
48  : RESSTATE            
48  :                    p(i);}                        W;K}$               
49  :W->pFAW             p(i);}                        W;K}$               
50  : SAVESTATE:          5
50  :                    p(i);}                        pFAW;K}$            
51  :                    (i);}                         FAW;K}$             
52  :F->(N)              (i);}                         FAW;K}$             
53  : SAVESTATE:          6
53  :                    (i);}                         (N)AW;K}$           
54  :                    i);}                          N)AW;K}$            
55  :N->i                i);}                          N)AW;K}$            
56  : SAVESTATE:          7
56  :                    i);}                          i)AW;K}$            
57  :                    );}                           )AW;K}$             
58  :                    ;}                            AW;K}$              
59  : TNS_NORULECHAIN/NS_NORULE
59  : RESSTATE            
59  :                    i);}                          N)AW;K}$            
60  :N->i,N              i);}                          N)AW;K}$            
61  : SAVESTATE:          7
61  :                    i);}                          i,N)AW;K}$          
62  :                    );}                           ,N)AW;K}$           
63  : TS_NOK/NS_NORULECHAIN
63  : RESSTATE            
63  :                    i);}                          N)AW;K}$            
64  : TNS_NORULECHAIN/NS_NORULE
64  : RESSTATE            
64  :                    (i);}                         FAW;K}$             
65  :F->()               (i);}                         FAW;K}$             
66  : SAVESTATE:          6
66  :                    (i);}                         ()AW;K}$            
67  :                    i);}                          )AW;K}$             
68  : TS_NOK/NS_NORULECHAIN
68  : RESSTATE            
68  :                    (i);}                         FAW;K}$             
69  : TNS_NORULECHAIN/NS_NORULE
69  : RESSTATE            
69  :                    p(i);}                        W;K}$               
70  : TNS_NORULECHAIN/NS_NORULE
70  : RESSTATE            
70  :                    nti=p(i);}                    K}$                 
71  :K->nti;K            nti=p(i);}                    K}$                 
72  : SAVESTATE:          4
72  :                    nti=p(i);}                    nti;K}$             
73  :                    ti=p(i);}                     ti;K}$              
74  :                    i=p(i);}                      i;K}$               
75  :                    =p(i);}                       ;K}$                
76  : TS_NOK/NS_NORULECHAIN
76  : RESSTATE            
76  :                    nti=p(i);}                    K}$                 
77  :K->nti=V;           nti=p(i);}                    K}$                 
78  : SAVESTATE:          4
78  :                    nti=p(i);}                    nti=V;}$            
79  :                    ti=p(i);}                     ti=V;}$             
80  :                    i=p(i);}                      i=V;}$              
81  :                    =p(i);}                       =V;}$               
82  :                    p(i);}                        V;}$                
83  : TNS_NORULECHAIN/NS_NORULE
83  : RESSTATE            
83  :                    nti=p(i);}                    K}$                 
84  :K->nti=W;           nti=p(i);}                    K}$                 
85  : SAVESTATE:          4
85  :                    nti=p(i);}                    nti=W;}$            
86  :                    ti=p(i);}                     ti=W;}$             
87  :                    i=p(i);}                      i=W;}$              
88  :                    =p(i);}                       =W;}$               
89  :                    p(i);}                        W;}$                
90  :W->pF               p(i);}                        W;}$                
91  : SAVESTATE:          5
91  :                    p(i);}                        pF;}$               
92  :                    (i);}                         F;}$                
93  :F->(N)              (i);}                         F;}$                
94  : SAVESTATE:          6
94  :                    (i);}                         (N);}$              
95  :                    i);}                          N);}$               
96  :N->i                i);}                          N);}$               
97  : SAVESTATE:          7
97  :                    i);}                          i);}$               
98  :                    );}                           );}$                
99  :                    ;}                            ;}$                 
100 :                    }                             }$                  
101 :                                                  $                   
102 : LENTA_END           
103 : ------>LENTA_END    
-------------------------------------------------------------------------------------
0   :всего строк 18, синтаксический анализ выполнен без ошибок 
0   : S->m{K}             
2   : K->nti=V;K          
6   : V->l                
8   : K->nti=W;           
12  : W->pF               
13  : F->(N)              
14  : N->i                
Программа успешно скомпилирована

--------------------КОНЕЧНЫЕ ТАБЛИЦЫ ЛЕКСЕМ И ИДЕНТИФИКАТОРОВ-------------------

------------------------------ ТАБЛИЦА ЛЕКСЕМ  ------------------------

|  N | ЛЕКСЕМА | СТРОКА | ИНДЕКС В ТИ |
|0   | m       |  1     |             |
|1   | {       |  1     |             |
|2   | n       |  1     |             |
|3   | t       |  1     |             |
|4   | i       |  1     |0            |
|5   | =       |  1     |             |
|6   | l       |  1     |1            |
|7   | ;       |  1     |             |
|8   | n       |  2     |             |
|9   | t       |  2     |             |
|10  | i       |  2     |2            |
|11  | =       |  2     |             |
|12  | p       |  2     |3            |
|13  | i       |  2     |0            |
|14  | @       |  2     |             |
|15  | 1       |  2     |             |
|16  | ;       |  2     |             |
|17  | }       |  6     |             |
---------------------------- ТАБЛИЦА ИДЕНТИФИКАТОРОВ ------------------------

|  N  |СТРОКА В ТЛ |  ТИП ИДЕНТИФИКАТОРА  |        ИМЯ         | ЗНАЧЕНИЕ (ПАРАМЕТРЫ)
|0    |  4         |  int   variable      |  maina             |0
|1    |  6         |  int    literal      |  L1                |2
|2    |  10        |  int   variable      |  mainb             |0
|3    |  12        |  int   LIB FUNC      |  lenght            |

-------------------------------------------------------------------------


-----------------  ЛЕКСЕМЫ СООТВЕТСТВУЮЩИЕ ИСХОДНОМУ КОДУ ---------------------

1   | m{nti[0]=l[1];
2   | nti[2]=p[3]i[0]@1;
6   | }
-------------------------------------------------------------------------

