d:\кпо\курсовой проект\приложение\saa-2022(самый финальный)\saa-2022\debug\vc142.pdb
d:\кпо\курсовой проект\приложение\saa-2022(самый финальный)\saa-2022\debug\vc142.idb
d:\кпо\курсовой проект\приложение\saa-2022(самый финальный)\saa-2022\debug\semantic.obj
d:\кпо\курсовой проект\приложение\saa-2022(самый финальный)\saa-2022\debug\lexanaliz.obj
d:\кпо\курсовой проект\приложение\saa-2022(самый финальный)\saa-2022\debug\saa-2022.obj
d:\кпо\курсовой проект\приложение\saa-2022(самый финальный)\saa-2022\debug\polishnotation.obj
d:\кпо\курсовой проект\приложение\saa-2022(самый финальный)\saa-2022\debug\mfst.obj
d:\кпо\курсовой проект\приложение\saa-2022(самый финальный)\saa-2022\debug\lt.obj
d:\кпо\курсовой проект\приложение\saa-2022(самый финальный)\saa-2022\debug\log.obj
d:\кпо\курсовой проект\приложение\saa-2022(самый финальный)\saa-2022\debug\it.obj
d:\кпо\курсовой проект\приложение\saa-2022(самый финальный)\saa-2022\debug\in.obj
d:\кпо\курсовой проект\приложение\saa-2022(самый финальный)\saa-2022\debug\greibach.obj
d:\кпо\курсовой проект\приложение\saa-2022(самый финальный)\saa-2022\debug\generator.obj
d:\кпо\курсовой проект\приложение\saa-2022(самый финальный)\saa-2022\debug\fst.obj
d:\кпо\курсовой проект\приложение\saa-2022(самый финальный)\saa-2022\debug\error.obj
d:\кпо\курсовой проект\приложение\saa-2022(самый финальный)\saa-2022\debug\parm.obj
d:\кпо\курсовой проект\приложение\saa-2022(самый финальный)\saa-2022\debug\saa-2022.pch
d:\кпо\курсовой проект\приложение\saa-2022(самый финальный)\saa-2022\debug\stdafx.obj
d:\кпо\курсовой проект\приложение\saa-2022(самый финальный)\saa-2022\debug\saa-2022.exe
d:\кпо\курсовой проект\приложение\saa-2022(самый финальный)\saa-2022\debug\saa-2022.ilk
d:\кпо\курсовой проект\приложение\saa-2022(самый финальный)\saa-2022\debug\saa-2022.pdb
d:\кпо\курсовой проект\приложение\saa-2022(самый финальный)\saa-2022\debug\saa-2022.tlog\cl.command.1.tlog
d:\кпо\курсовой проект\приложение\saa-2022(самый финальный)\saa-2022\debug\saa-2022.tlog\cl.read.1.tlog
d:\кпо\курсовой проект\приложение\saa-2022(самый финальный)\saa-2022\debug\saa-2022.tlog\cl.write.1.tlog
d:\кпо\курсовой проект\приложение\saa-2022(самый финальный)\saa-2022\debug\saa-2022.tlog\link.command.1.tlog
d:\кпо\курсовой проект\приложение\saa-2022(самый финальный)\saa-2022\debug\saa-2022.tlog\link.read.1.tlog
d:\кпо\курсовой проект\приложение\saa-2022(самый финальный)\saa-2022\debug\saa-2022.tlog\link.write.1.tlog
