Сборка начата 23.12.2022 14:13:22.
Уровень детализации журнала: Normal.     1>Проект "D:\КПО\Курсовой проект\Приложение\SAA-2022(самый финальный)\SAA-2022\SAA-2022.vcxproj" в узле 2 (целевые объекты Build).
     1>InitializeBuildStatus:
         Создание "Debug\SAA-2022.tlog\unsuccessfulbuild", так как было задано "AlwaysCreate".
       ClCompile:
         Для всех выходных данных обновления не требуется.
         C:\Program Files (x86)\Microsoft Visual Studio\2019\Professional\VC\Tools\MSVC\14.29.30133\bin\HostX86\x86\CL.exe /c /ZI /JMC /nologo /W3 /WX- /diagnostics:column /sdl /Od /Oy- /D WIN32 /D _DEBUG /D _CONSOLE /D _UNICODE /D UNICODE /Gm- /EHsc /RTC1 /MDd /GS /fp:precise /permissive- /Zc:wchar_t /Zc:forScope /Zc:inline /Yu"stdafx.h" /Fp"Debug\SAA-2022.pch" /Fo"Debug\\" /Fd"Debug\vc142.pdb" /external:W3 /Gd /TP /analyze- /FC /errorReport:prompt "SAA-2022.cpp"
         SAA-2022.cpp
       Link:
         C:\Program Files (x86)\Microsoft Visual Studio\2019\Professional\VC\Tools\MSVC\14.29.30133\bin\HostX86\x86\link.exe /ERRORREPORT:PROMPT /OUT:"D:\КПО\Курсовой проект\Приложение\SAA-2022(самый финальный)\SAA-2022\Debug\SAA-2022.exe" /INCREMENTAL /ILK:"Debug\SAA-2022.ilk" /NOLOGO kernel32.lib user32.lib gdi32.lib winspool.lib comdlg32.lib advapi32.lib shell32.lib ole32.lib oleaut32.lib uuid.lib odbc32.lib odbccp32.lib /MANIFEST /MANIFESTUAC:"level='asInvoker' uiAccess='false'" /manifest:embed /DEBUG /PDB:"D:\КПО\Курсовой проект\Приложение\SAA-2022(самый финальный)\SAA-2022\Debug\SAA-2022.pdb" /SUBSYSTEM:CONSOLE /TLBID:1 /DYNAMICBASE /NXCOMPAT /IMPLIB:"D:\КПО\Курсовой проект\Приложение\SAA-2022(самый финальный)\SAA-2022\Debug\SAA-2022.lib" /MACHINE:X86 Debug\Error.obj
         Debug\FST.obj
         Debug\Generator.obj
         Debug\Greibach.obj
         Debug\In.obj
         Debug\IT.obj
         Debug\Log.obj
         Debug\LT.obj
         Debug\MFST.obj
         Debug\Parm.obj
         Debug\PolishNotation.obj
         "Debug\SAA-2022.obj"
         Debug\LexAnaliz.obj
         Debug\Semantic.obj
         Debug\stdafx.obj
         SAA-2022.vcxproj -> D:\КПО\Курсовой проект\Приложение\SAA-2022(самый финальный)\SAA-2022\Debug\SAA-2022.exe
       FinalizeBuildStatus:
         Файл "Debug\SAA-2022.tlog\unsuccessfulbuild" удаляется.
         Обращение к "Debug\SAA-2022.tlog\SAA-2022.lastbuildstate".
     1>Сборка проекта "D:\КПО\Курсовой проект\Приложение\SAA-2022(самый финальный)\SAA-2022\SAA-2022.vcxproj" завершена (целевые объекты Build).

Сборка успешно завершена.
    Предупреждений: 0
    Ошибок: 0

Прошло времени 00:00:00.78
