Сборка начата 23.12.2022 4:57:55.
Уровень детализации журнала: Normal.     1>Проект "D:\КПО\Курсовой проект\Приложение\SAA-2022(самый финальный)\LIB\LIB.vcxproj" в узле 2 (целевые объекты Build).
     1>C:\Program Files (x86)\Microsoft Visual Studio\2019\Professional\MSBuild\Microsoft\VC\v160\Microsoft.CppBuild.targets(499,5): warning MSB8004: каталог Output заканчивается не косой чертой.  Этот экземпляр сборки добавит косую черту, поскольку она необходима для правильного определения каталога Output.
     1>InitializeBuildStatus:
         Создание "Debug\LIB.tlog\unsuccessfulbuild", так как было задано "AlwaysCreate".
       ClCompile:
         C:\Program Files (x86)\Microsoft Visual Studio\2019\Professional\VC\Tools\MSVC\14.29.30133\bin\HostX86\x86\CL.exe /c /ZI /JMC /nologo /W3 /WX- /diagnostics:column /sdl /Od /Oy- /D WIN32 /D _DEBUG /D _LIB /D _UNICODE /D UNICODE /Gm- /EHsc /RTC1 /MDd /GS /fp:precise /permissive- /Zc:wchar_t /Zc:forScope /Zc:inline /Fo"Debug\\" /Fd"..\LIB.pdb" /external:W3 /Gd /TP /analyze- /FC /errorReport:prompt LIB.cpp
         LIB.cpp
     1>D:\КПО\Курсовой проект\Приложение\SAA-2022(самый финальный)\LIB\LIB.cpp(9,13): warning C4244: аргумент: преобразование "time_t" в "unsigned int", возможна потеря данных
       Lib:
         C:\Program Files (x86)\Microsoft Visual Studio\2019\Professional\VC\Tools\MSVC\14.29.30133\bin\HostX86\x86\Lib.exe /OUT:"..\LIB.lib" /NOLOGO /MACHINE:X86 Debug\LIB.obj
         LIB.vcxproj -> D:\КПО\Курсовой проект\Приложение\SAA-2022(самый финальный)\LIB.lib
       FinalizeBuildStatus:
         Файл "Debug\LIB.tlog\unsuccessfulbuild" удаляется.
         Обращение к "Debug\LIB.tlog\LIB.lastbuildstate".
     1>Сборка проекта "D:\КПО\Курсовой проект\Приложение\SAA-2022(самый финальный)\LIB\LIB.vcxproj" завершена (целевые объекты Build).

Сборка успешно завершена.

       "D:\КПО\Курсовой проект\Приложение\SAA-2022(самый финальный)\LIB\LIB.vcxproj" (целевой объект Build ) (1) ->
       (Целевой объект PrepareForBuild) -> 
         C:\Program Files (x86)\Microsoft Visual Studio\2019\Professional\MSBuild\Microsoft\VC\v160\Microsoft.CppBuild.targets(499,5): warning MSB8004: каталог Output заканчивается не косой чертой.  Этот экземпляр сборки добавит косую черту, поскольку она необходима для правильного определения каталога Output.


       "D:\КПО\Курсовой проект\Приложение\SAA-2022(самый финальный)\LIB\LIB.vcxproj" (целевой объект Build ) (1) ->
       (Целевой объект ClCompile) -> 
         D:\КПО\Курсовой проект\Приложение\SAA-2022(самый финальный)\LIB\LIB.cpp(9,13): warning C4244: аргумент: преобразование "time_t" в "unsigned int", возможна потеря данных

    Предупреждений: 2
    Ошибок: 0

Прошло времени 00:00:00.69
