Сборка начата 05.11.2022 11:56:07.
Уровень детализации журнала: Normal.     1>Проект "D:\КПО\лабы\Lab19\Lab19\Lab19.vcxproj" в узле 2 (целевые объекты Build).
     1>InitializeBuildStatus:
         Создание "Debug\Lab19.tlog\unsuccessfulbuild", так как было задано "AlwaysCreate".
       ClCompile:
         C:\Program Files (x86)\Microsoft Visual Studio\2019\Professional\VC\Tools\MSVC\14.29.30133\bin\HostX86\x86\CL.exe /c /ZI /JMC /nologo /W3 /WX- /diagnostics:column /sdl /Od /Oy- /D WIN32 /D _DEBUG /D _CONSOLE /D _UNICODE /D UNICODE /Gm- /EHsc /RTC1 /MDd /GS /fp:precise /permissive- /Zc:wchar_t /Zc:forScope /Zc:inline /Fo"Debug\\" /Fd"Debug\vc142.pdb" /external:W3 /Gd /TP /analyze- /FC /errorReport:prompt Lab19.cpp
         Lab19.cpp
       Link:
         C:\Program Files (x86)\Microsoft Visual Studio\2019\Professional\VC\Tools\MSVC\14.29.30133\bin\HostX86\x86\link.exe /ERRORREPORT:PROMPT /OUT:"D:\КПО\лабы\Lab19\Debug\Lab19.exe" /INCREMENTAL /ILK:"Debug\Lab19.ilk" /NOLOGO kernel32.lib user32.lib gdi32.lib winspool.lib comdlg32.lib advapi32.lib shell32.lib ole32.lib oleaut32.lib uuid.lib odbc32.lib odbccp32.lib /MANIFEST /MANIFESTUAC:"level='asInvoker' uiAccess='false'" /manifest:embed /DEBUG /PDB:"D:\КПО\лабы\Lab19\Debug\Lab19.pdb" /SUBSYSTEM:CONSOLE /TLBID:1 /DYNAMICBASE /NXCOMPAT /IMPLIB:"D:\КПО\лабы\Lab19\Debug\Lab19.lib" /MACHINE:X86 Debug\FST.obj
         Debug\Lab19.obj
         Debug\stdafx.obj
         Lab19.vcxproj -> D:\КПО\лабы\Lab19\Debug\Lab19.exe
       FinalizeBuildStatus:
         Файл "Debug\Lab19.tlog\unsuccessfulbuild" удаляется.
         Обращение к "Debug\Lab19.tlog\Lab19.lastbuildstate".
     1>Сборка проекта "D:\КПО\лабы\Lab19\Lab19\Lab19.vcxproj" завершена (целевые объекты Build).

Сборка успешно завершена.
    Предупреждений: 0
    Ошибок: 0

Прошло времени 00:00:01.83
