Сборка начата 17.10.2022 16:59:06.
Уровень детализации журнала: Normal.     1>Проект "D:\АиСД\Lab_5\Lab_5_Kr\Lab_5_Kr.vcxproj" в узле 2 (целевые объекты Build).
     1>PrepareForBuild:
         Создание каталога "Debug\Lab_5_Kr.tlog\".
       InitializeBuildStatus:
         Создание "Debug\Lab_5_Kr.tlog\unsuccessfulbuild", так как было задано "AlwaysCreate".
       ClCompile:
         C:\Program Files (x86)\Microsoft Visual Studio\2019\Professional\VC\Tools\MSVC\14.29.30133\bin\HostX86\x86\CL.exe /c /ZI /JMC /nologo /W3 /WX- /diagnostics:column /sdl /Od /Oy- /D WIN32 /D _DEBUG /D _CONSOLE /D _UNICODE /D UNICODE /Gm- /EHsc /RTC1 /MDd /GS /fp:precise /permissive- /Zc:wchar_t /Zc:forScope /Zc:inline /Fo"Debug\\" /Fd"Debug\vc142.pdb" /external:W3 /Gd /TP /analyze- /FC /errorReport:prompt Source.cpp
         Source.cpp
       Link:
         C:\Program Files (x86)\Microsoft Visual Studio\2019\Professional\VC\Tools\MSVC\14.29.30133\bin\HostX86\x86\link.exe /ERRORREPORT:PROMPT /OUT:"D:\АиСД\Lab_5\AiSD_Lab_5\Debug\Lab_5_Kr.exe" /INCREMENTAL /ILK:"Debug\Lab_5_Kr.ilk" /NOLOGO kernel32.lib user32.lib gdi32.lib winspool.lib comdlg32.lib advapi32.lib shell32.lib ole32.lib oleaut32.lib uuid.lib odbc32.lib odbccp32.lib /MANIFEST /MANIFESTUAC:"level='asInvoker' uiAccess='false'" /manifest:embed /DEBUG /PDB:"D:\АиСД\Lab_5\AiSD_Lab_5\Debug\Lab_5_Kr.pdb" /SUBSYSTEM:CONSOLE /TLBID:1 /DYNAMICBASE /NXCOMPAT /IMPLIB:"D:\АиСД\Lab_5\AiSD_Lab_5\Debug\Lab_5_Kr.lib" /MACHINE:X86 Debug\Source.obj
         Lab_5_Kr.vcxproj -> D:\АиСД\Lab_5\AiSD_Lab_5\Debug\Lab_5_Kr.exe
       FinalizeBuildStatus:
         Файл "Debug\Lab_5_Kr.tlog\unsuccessfulbuild" удаляется.
         Обращение к "Debug\Lab_5_Kr.tlog\Lab_5_Kr.lastbuildstate".
     1>Сборка проекта "D:\АиСД\Lab_5\Lab_5_Kr\Lab_5_Kr.vcxproj" завершена (целевые объекты Build).

Сборка успешно завершена.
    Предупреждений: 0
    Ошибок: 0

Прошло времени 00:00:01.62
